c:\users\antho\source\repos\embedded drone system2\embedded drone system2\x64\debug\vc143.pdb
c:\users\antho\source\repos\embedded drone system2\embedded drone system2\x64\debug\vc143.idb
c:\users\antho\source\repos\embedded drone system2\embedded drone system2\x64\debug\sensor.obj
c:\users\antho\source\repos\embedded drone system2\embedded drone system2\x64\debug\rtos.obj
c:\users\antho\source\repos\embedded drone system2\embedded drone system2\x64\debug\predictivemaintenance.obj
c:\users\antho\source\repos\embedded drone system2\embedded drone system2\x64\debug\pidcontroller.obj
c:\users\antho\source\repos\embedded drone system2\embedded drone system2\x64\debug\main.obj
c:\users\antho\source\repos\embedded drone system2\embedded drone system2\x64\debug\enhancedcommunication.obj
c:\users\antho\source\repos\embedded drone system2\embedded drone system2\x64\debug\dynamicpathplanning.obj
c:\users\antho\source\repos\embedded drone system2\embedded drone system2\x64\debug\drone.obj
c:\users\antho\source\repos\embedded drone system2\x64\debug\embedded drone system2.exe
c:\users\antho\source\repos\embedded drone system2\x64\debug\embedded drone system2.pdb
c:\users\antho\source\repos\embedded drone system2\embedded drone system2\x64\debug\embedded drone system2.ilk
c:\users\antho\source\repos\embedded drone system2\embedded drone system2\x64\debug\embedded.a734806d.tlog\cl.command.1.tlog
c:\users\antho\source\repos\embedded drone system2\embedded drone system2\x64\debug\embedded.a734806d.tlog\cl.items.tlog
c:\users\antho\source\repos\embedded drone system2\embedded drone system2\x64\debug\embedded.a734806d.tlog\cl.read.1.tlog
c:\users\antho\source\repos\embedded drone system2\embedded drone system2\x64\debug\embedded.a734806d.tlog\cl.write.1.tlog
c:\users\antho\source\repos\embedded drone system2\embedded drone system2\x64\debug\embedded.a734806d.tlog\link.command.1.tlog
c:\users\antho\source\repos\embedded drone system2\embedded drone system2\x64\debug\embedded.a734806d.tlog\link.read.1.tlog
c:\users\antho\source\repos\embedded drone system2\embedded drone system2\x64\debug\embedded.a734806d.tlog\link.secondary.1.tlog
c:\users\antho\source\repos\embedded drone system2\embedded drone system2\x64\debug\embedded.a734806d.tlog\link.write.1.tlog
